<?xml version="1.0" encoding="UTF-8"?>
<testng-results skipped="0" failed="1" ignored="0" total="2" passed="1">
  <reporter-output>
  </reporter-output>
  <suite name="Default suite" duration-ms="98821" started-at="2019-07-01T06:23:11Z" finished-at="2019-07-01T06:24:50Z">
    <groups>
    </groups>
    <test name="Default test" duration-ms="98821" started-at="2019-07-01T06:23:11Z" finished-at="2019-07-01T06:24:50Z">
      <class name="com.mercedeseonlineshop.qa.pages.VerificationAndOrderPlacementTest">
        <test-method status="PASS" signature="setUp()[pri:0, instance:com.mercedeseonlineshop.qa.pages.VerificationAndOrderPlacementTest@39c0f4a]" name="setUp" is-config="true" duration-ms="9103" started-at="2019-07-01T06:23:12Z" finished-at="2019-07-01T06:23:21Z">
          <reporter-output>
          </reporter-output>
        </test-method> <!-- setUp -->
        <test-method status="PASS" signature="itemColorTest(java.lang.String, java.lang.String, java.lang.String, java.lang.String, java.lang.String, java.lang.String, java.lang.String)[pri:0, instance:com.mercedeseonlineshop.qa.pages.VerificationAndOrderPlacementTest@39c0f4a]" name="itemColorTest" duration-ms="55446" started-at="2019-07-01T06:23:21Z" data-provider="getUserTestData" finished-at="2019-07-01T06:24:16Z">
          <params>
            <param index="0">
              <value>
                <![CDATA[Dummy]]>
              </value>
            </param>
            <param index="1">
              <value>
                <![CDATA[Test]]>
              </value>
            </param>
            <param index="2">
              <value>
                <![CDATA[11.0]]>
              </value>
            </param>
            <param index="3">
              <value>
                <![CDATA[8.75432123E8]]>
              </value>
            </param>
            <param index="4">
              <value>
                <![CDATA[SG]]>
              </value>
            </param>
            <param index="5">
              <value>
                <![CDATA[SP2 0FL]]>
              </value>
            </param>
            <param index="6">
              <value>
                <![CDATA[demo@gmail.com]]>
              </value>
            </param>
          </params>
          <reporter-output>
          </reporter-output>
        </test-method> <!-- itemColorTest -->
        <test-method status="PASS" signature="tearDown()[pri:0, instance:com.mercedeseonlineshop.qa.pages.VerificationAndOrderPlacementTest@39c0f4a]" name="tearDown" is-config="true" duration-ms="109" started-at="2019-07-01T06:24:16Z" finished-at="2019-07-01T06:24:16Z">
          <reporter-output>
          </reporter-output>
        </test-method> <!-- tearDown -->
        <test-method status="PASS" signature="setUp()[pri:0, instance:com.mercedeseonlineshop.qa.pages.VerificationAndOrderPlacementTest@39c0f4a]" name="setUp" is-config="true" duration-ms="4513" started-at="2019-07-01T06:24:16Z" finished-at="2019-07-01T06:24:21Z">
          <reporter-output>
          </reporter-output>
        </test-method> <!-- setUp -->
        <test-method status="FAIL" signature="itemPriceTest(java.lang.String, java.lang.String, java.lang.String, java.lang.String, java.lang.String, java.lang.String, java.lang.String)[pri:0, instance:com.mercedeseonlineshop.qa.pages.VerificationAndOrderPlacementTest@39c0f4a]" name="itemPriceTest" duration-ms="29107" started-at="2019-07-01T06:24:21Z" data-provider="getUserTestData" finished-at="2019-07-01T06:24:50Z">
          <params>
            <param index="0">
              <value>
                <![CDATA[Dummy]]>
              </value>
            </param>
            <param index="1">
              <value>
                <![CDATA[Test]]>
              </value>
            </param>
            <param index="2">
              <value>
                <![CDATA[11.0]]>
              </value>
            </param>
            <param index="3">
              <value>
                <![CDATA[8.75432123E8]]>
              </value>
            </param>
            <param index="4">
              <value>
                <![CDATA[SG]]>
              </value>
            </param>
            <param index="5">
              <value>
                <![CDATA[SP2 0FL]]>
              </value>
            </param>
            <param index="6">
              <value>
                <![CDATA[demo@gmail.com]]>
              </value>
            </param>
          </params>
          <exception class="org.openqa.selenium.NoSuchElementException">
            <message>
              <![CDATA[no such element: Unable to locate element: {"method":"css selector","selector":".dcp-pdp-buy-box-add-to-basket__cta--one-variant"}
  (Session info: chrome=75.0.3770.100)
For documentation on this error, please visit: https://www.seleniumhq.org/exceptions/no_such_element.html
Build info: version: '3.141.59', revision: 'e82be7d358', time: '2018-11-14T08:17:03'
System info: host: 'himanshutiwari-mac.local', ip: 'fe80:0:0:0:8b1:dc83:8e3a:f744%en0', os.name: 'Mac OS X', os.arch: 'x86_64', os.version: '10.13.6', java.version: '1.8.0_191'
Driver info: org.openqa.selenium.chrome.ChromeDriver
Capabilities {acceptInsecureCerts: false, browserName: chrome, browserVersion: 75.0.3770.100, chrome: {chromedriverVersion: 75.0.3770.90 (a6dcaf7e3ec6f..., userDataDir: /var/folders/zd/r3jq6k_s115...}, goog:chromeOptions: {debuggerAddress: localhost:55946}, javascriptEnabled: true, networkConnectionEnabled: false, pageLoadStrategy: normal, platform: MAC, platformName: MAC, proxy: Proxy(), setWindowRect: true, strictFileInteractability: false, timeouts: {implicit: 0, pageLoad: 300000, script: 30000}, unhandledPromptBehavior: dismiss and notify}
Session ID: 97ead6a6301a14e5a6fd23b45ffaf8ef
*** Element info: {Using=css selector, value=.dcp-pdp-buy-box-add-to-basket__cta--one-variant}]]>
            </message>
            <full-stacktrace>
              <![CDATA[org.openqa.selenium.NoSuchElementException: no such element: Unable to locate element: {"method":"css selector","selector":".dcp-pdp-buy-box-add-to-basket__cta--one-variant"}
  (Session info: chrome=75.0.3770.100)
For documentation on this error, please visit: https://www.seleniumhq.org/exceptions/no_such_element.html
Build info: version: '3.141.59', revision: 'e82be7d358', time: '2018-11-14T08:17:03'
System info: host: 'himanshutiwari-mac.local', ip: 'fe80:0:0:0:8b1:dc83:8e3a:f744%en0', os.name: 'Mac OS X', os.arch: 'x86_64', os.version: '10.13.6', java.version: '1.8.0_191'
Driver info: org.openqa.selenium.chrome.ChromeDriver
Capabilities {acceptInsecureCerts: false, browserName: chrome, browserVersion: 75.0.3770.100, chrome: {chromedriverVersion: 75.0.3770.90 (a6dcaf7e3ec6f..., userDataDir: /var/folders/zd/r3jq6k_s115...}, goog:chromeOptions: {debuggerAddress: localhost:55946}, javascriptEnabled: true, networkConnectionEnabled: false, pageLoadStrategy: normal, platform: MAC, platformName: MAC, proxy: Proxy(), setWindowRect: true, strictFileInteractability: false, timeouts: {implicit: 0, pageLoad: 300000, script: 30000}, unhandledPromptBehavior: dismiss and notify}
Session ID: 97ead6a6301a14e5a6fd23b45ffaf8ef
*** Element info: {Using=css selector, value=.dcp-pdp-buy-box-add-to-basket__cta--one-variant}
at sun.reflect.NativeConstructorAccessorImpl.newInstance0(Native Method)
at sun.reflect.NativeConstructorAccessorImpl.newInstance(NativeConstructorAccessorImpl.java:62)
at sun.reflect.DelegatingConstructorAccessorImpl.newInstance(DelegatingConstructorAccessorImpl.java:45)
at java.lang.reflect.Constructor.newInstance(Constructor.java:423)
at org.openqa.selenium.remote.http.W3CHttpResponseCodec.createException(W3CHttpResponseCodec.java:187)
at org.openqa.selenium.remote.http.W3CHttpResponseCodec.decode(W3CHttpResponseCodec.java:122)
at org.openqa.selenium.remote.http.W3CHttpResponseCodec.decode(W3CHttpResponseCodec.java:49)
at org.openqa.selenium.remote.HttpCommandExecutor.execute(HttpCommandExecutor.java:158)
at org.openqa.selenium.remote.service.DriverCommandExecutor.execute(DriverCommandExecutor.java:83)
at org.openqa.selenium.remote.RemoteWebDriver.execute(RemoteWebDriver.java:552)
at org.openqa.selenium.remote.RemoteWebDriver.findElement(RemoteWebDriver.java:323)
at org.openqa.selenium.remote.RemoteWebDriver.findElementByCssSelector(RemoteWebDriver.java:420)
at org.openqa.selenium.By$ByCssSelector.findElement(By.java:431)
at org.openqa.selenium.remote.RemoteWebDriver.findElement(RemoteWebDriver.java:315)
at org.openqa.selenium.support.pagefactory.DefaultElementLocator.findElement(DefaultElementLocator.java:69)
at org.openqa.selenium.support.pagefactory.internal.LocatingElementHandler.invoke(LocatingElementHandler.java:38)
at com.sun.proxy.$Proxy10.click(Unknown Source)
at com.mercedeseonlineshop.qa.pages.VerificationAndOrderPlacementTest.itemPriceTest(VerificationAndOrderPlacementTest.java:55)
at sun.reflect.NativeMethodAccessorImpl.invoke0(Native Method)
at sun.reflect.NativeMethodAccessorImpl.invoke(NativeMethodAccessorImpl.java:62)
at sun.reflect.DelegatingMethodAccessorImpl.invoke(DelegatingMethodAccessorImpl.java:43)
at java.lang.reflect.Method.invoke(Method.java:498)
at org.testng.internal.MethodInvocationHelper.invokeMethod(MethodInvocationHelper.java:124)
at org.testng.internal.Invoker.invokeMethod(Invoker.java:583)
at org.testng.internal.Invoker.invokeTestMethod(Invoker.java:719)
at org.testng.internal.Invoker.invokeTestMethods(Invoker.java:989)
at org.testng.internal.TestMethodWorker.invokeTestMethods(TestMethodWorker.java:125)
at org.testng.internal.TestMethodWorker.run(TestMethodWorker.java:109)
at org.testng.TestRunner.privateRun(TestRunner.java:648)
at org.testng.TestRunner.run(TestRunner.java:505)
at org.testng.SuiteRunner.runTest(SuiteRunner.java:455)
at org.testng.SuiteRunner.runSequentially(SuiteRunner.java:450)
at org.testng.SuiteRunner.privateRun(SuiteRunner.java:415)
at org.testng.SuiteRunner.run(SuiteRunner.java:364)
at org.testng.SuiteRunnerWorker.runSuite(SuiteRunnerWorker.java:52)
at org.testng.SuiteRunnerWorker.run(SuiteRunnerWorker.java:84)
at org.testng.TestNG.runSuitesSequentially(TestNG.java:1208)
at org.testng.TestNG.runSuitesLocally(TestNG.java:1137)
at org.testng.TestNG.runSuites(TestNG.java:1049)
at org.testng.TestNG.run(TestNG.java:1017)
at org.testng.remote.AbstractRemoteTestNG.run(AbstractRemoteTestNG.java:114)
at org.testng.remote.RemoteTestNG.initAndRun(RemoteTestNG.java:251)
at org.testng.remote.RemoteTestNG.main(RemoteTestNG.java:77)
]]>
            </full-stacktrace>
          </exception> <!-- org.openqa.selenium.NoSuchElementException -->
          <reporter-output>
          </reporter-output>
        </test-method> <!-- itemPriceTest -->
        <test-method status="PASS" signature="tearDown()[pri:0, instance:com.mercedeseonlineshop.qa.pages.VerificationAndOrderPlacementTest@39c0f4a]" name="tearDown" is-config="true" duration-ms="93" started-at="2019-07-01T06:24:50Z" finished-at="2019-07-01T06:24:50Z">
          <reporter-output>
          </reporter-output>
        </test-method> <!-- tearDown -->
      </class> <!-- com.mercedeseonlineshop.qa.pages.VerificationAndOrderPlacementTest -->
    </test> <!-- Default test -->
  </suite> <!-- Default suite -->
</testng-results>
